Traceback (most recent call last):
  File "C:\Users\danih\miniconda3\envs\dataviz_venv\lib\site-packages\jupyter_core\utils\__init__.py", line 154, in wrapped
    asyncio.get_running_loop()
RuntimeError: no running event loop

During handling of the above exception, another exception occurred:

Traceback (most recent call last):
  File "C:\Users\danih\miniconda3\envs\dataviz_venv\lib\site-packages\jupyter_cache\executors\utils.py", line 58, in single_nb_execution
    executenb(
  File "C:\Users\danih\miniconda3\envs\dataviz_venv\lib\site-packages\nbclient\client.py", line 1305, in execute
    return NotebookClient(nb=nb, resources=resources, km=km, **kwargs).execute()
  File "C:\Users\danih\miniconda3\envs\dataviz_venv\lib\site-packages\jupyter_core\utils\__init__.py", line 158, in wrapped
    return loop.run_until_complete(inner)
  File "C:\Users\danih\miniconda3\envs\dataviz_venv\lib\asyncio\base_events.py", line 647, in run_until_complete
    return future.result()
  File "C:\Users\danih\miniconda3\envs\dataviz_venv\lib\site-packages\nbclient\client.py", line 705, in async_execute
    await self.async_execute_cell(
  File "C:\Users\danih\miniconda3\envs\dataviz_venv\lib\site-packages\nbclient\client.py", line 1058, in async_execute_cell
    await self._check_raise_for_error(cell, cell_index, exec_reply)
  File "C:\Users\danih\miniconda3\envs\dataviz_venv\lib\site-packages\nbclient\client.py", line 914, in _check_raise_for_error
    raise CellExecutionError.from_cell_and_msg(cell, exec_reply_content)
nbclient.exceptions.CellExecutionError: An error occurred while executing the following cell:
------------------
# Exportar el mejor modelo
mejor_modelo = mejor_nombre
joblib.dump(grids[mejor_modelo].best_estimator_, "../app/model.joblib")
print(f"Modelo '{mejor_modelo}' exportado exitosamente.")
------------------


[1;31m---------------------------------------------------------------------------[0m
[1;31mFileNotFoundError[0m                         Traceback (most recent call last)
Cell [1;32mIn[10], line 3[0m
[0;32m      1[0m [38;5;66;03m# Exportar el mejor modelo[39;00m
[0;32m      2[0m mejor_modelo [38;5;241m=[39m mejor_nombre
[1;32m----> 3[0m [43mjoblib[49m[38;5;241;43m.[39;49m[43mdump[49m[43m([49m[43mgrids[49m[43m[[49m[43mmejor_modelo[49m[43m][49m[38;5;241;43m.[39;49m[43mbest_estimator_[49m[43m,[49m[43m [49m[38;5;124;43m"[39;49m[38;5;124;43m../app/model.joblib[39;49m[38;5;124;43m"[39;49m[43m)[49m
[0;32m      4[0m [38;5;28mprint[39m([38;5;124mf[39m[38;5;124m"[39m[38;5;124mModelo [39m[38;5;124m'[39m[38;5;132;01m{[39;00mmejor_modelo[38;5;132;01m}[39;00m[38;5;124m'[39m[38;5;124m exportado exitosamente.[39m[38;5;124m"[39m)

File [1;32mc:\Users\danih\miniconda3\envs\dataviz_venv\lib\site-packages\joblib\numpy_pickle.py:552[0m, in [0;36mdump[1;34m(value, filename, compress, protocol, cache_size)[0m
[0;32m    550[0m         NumpyPickler(f, protocol[38;5;241m=[39mprotocol)[38;5;241m.[39mdump(value)
[0;32m    551[0m [38;5;28;01melif[39;00m is_filename:
[1;32m--> 552[0m     [38;5;28;01mwith[39;00m [38;5;28;43mopen[39;49m[43m([49m[43mfilename[49m[43m,[49m[43m [49m[38;5;124;43m'[39;49m[38;5;124;43mwb[39;49m[38;5;124;43m'[39;49m[43m)[49m [38;5;28;01mas[39;00m f:
[0;32m    553[0m         NumpyPickler(f, protocol[38;5;241m=[39mprotocol)[38;5;241m.[39mdump(value)
[0;32m    554[0m [38;5;28;01melse[39;00m:

[1;31mFileNotFoundError[0m: [Errno 2] No such file or directory: '../app/model.joblib'

